[2016-08-14 14:00:10,527] ERROR Processor got uncaught exception. (kafka.network.Processor)
java.lang.ArrayIndexOutOfBoundsException: 18
	at org.apache.kafka.common.protocol.ApiKeys.forId(ApiKeys.java:68)
	at org.apache.kafka.common.requests.AbstractRequest.getRequest(AbstractRequest.java:39)
	at kafka.network.RequestChannel$Request.<init>(RequestChannel.scala:79)
	at kafka.network.Processor$$anonfun$run$11.apply(SocketServer.scala:426)
	at kafka.network.Processor$$anonfun$run$11.apply(SocketServer.scala:421)
	at scala.collection.Iterator$class.foreach(Iterator.scala:742)
	at scala.collection.AbstractIterator.foreach(Iterator.scala:1194)
	at scala.collection.IterableLike$class.foreach(IterableLike.scala:72)
	at scala.collection.AbstractIterable.foreach(Iterable.scala:54)
	at kafka.network.Processor.run(SocketServer.scala:421)
	at java.lang.Thread.run(Thread.java:745)
[2016-08-14 14:01:31,273] ERROR Processor got uncaught exception. (kafka.network.Processor)
java.lang.ArrayIndexOutOfBoundsException: 18
	at org.apache.kafka.common.protocol.ApiKeys.forId(ApiKeys.java:68)
	at org.apache.kafka.common.requests.AbstractRequest.getRequest(AbstractRequest.java:39)
	at kafka.network.RequestChannel$Request.<init>(RequestChannel.scala:79)
	at kafka.network.Processor$$anonfun$run$11.apply(SocketServer.scala:426)
	at kafka.network.Processor$$anonfun$run$11.apply(SocketServer.scala:421)
	at scala.collection.Iterator$class.foreach(Iterator.scala:742)
	at scala.collection.AbstractIterator.foreach(Iterator.scala:1194)
	at scala.collection.IterableLike$class.foreach(IterableLike.scala:72)
	at scala.collection.AbstractIterable.foreach(Iterable.scala:54)
	at kafka.network.Processor.run(SocketServer.scala:421)
	at java.lang.Thread.run(Thread.java:745)
[2016-08-14 14:06:25,228] INFO [Group Metadata Manager on Broker 1]: Removed 0 expired offsets in 0 milliseconds. (kafka.coordinator.GroupMetadataManager)
[2016-08-14 14:07:21,517] INFO [Kafka Server 1], Controlled shutdown succeeded (kafka.server.KafkaServer)
[2016-08-14 14:07:21,519] INFO [Socket Server on Broker 1], Shutting down (kafka.network.SocketServer)
[2016-08-14 14:07:21,533] INFO [Socket Server on Broker 1], Shutdown completed (kafka.network.SocketServer)
[2016-08-14 14:07:21,533] INFO [Kafka Request Handler on Broker 1], shutting down (kafka.server.KafkaRequestHandlerPool)
[2016-08-14 14:07:21,538] INFO Topic creation {"version":1,"partitions":{"45":[1],"34":[1],"12":[1],"8":[1],"19":[1],"23":[1],"4":[1],"40":[1],"15":[1],"11":[1],"9":[1],"44":[1],"33":[1],"22":[1],"26":[1],"37":[1],"13":[1],"46":[1],"24":[1],"35":[1],"16":[1],"5":[1],"10":[1],"48":[1],"21":[1],"43":[1],"32":[1],"49":[1],"6":[1],"36":[1],"1":[1],"39":[1],"17":[1],"25":[1],"14":[1],"47":[1],"31":[1],"42":[1],"0":[1],"20":[1],"27":[1],"2":[1],"38":[1],"18":[1],"30":[1],"7":[1],"29":[1],"41":[1],"3":[1],"28":[1]}} (kafka.admin.AdminUtils$)
[2016-08-14 14:07:21,540] INFO Topic creation {"version":1,"partitions":{"45":[1],"34":[1],"12":[1],"8":[1],"19":[1],"23":[1],"4":[1],"40":[1],"15":[1],"11":[1],"9":[1],"44":[1],"33":[1],"22":[1],"26":[1],"37":[1],"13":[1],"46":[1],"24":[1],"35":[1],"16":[1],"5":[1],"10":[1],"48":[1],"21":[1],"43":[1],"32":[1],"49":[1],"6":[1],"36":[1],"1":[1],"39":[1],"17":[1],"25":[1],"14":[1],"47":[1],"31":[1],"42":[1],"0":[1],"20":[1],"27":[1],"2":[1],"38":[1],"18":[1],"30":[1],"7":[1],"29":[1],"41":[1],"3":[1],"28":[1]}} (kafka.admin.AdminUtils$)
[2016-08-14 14:07:21,542] INFO [KafkaApi-1] Auto creation of topic __consumer_offsets with 50 partitions and replication factor 1 is successful! (kafka.server.KafkaApis)
[2016-08-14 14:07:21,546] INFO [Kafka Request Handler on Broker 1], shut down completely (kafka.server.KafkaRequestHandlerPool)
[2016-08-14 14:07:21,557] INFO [ThrottledRequestReaper-Produce], Shutting down (kafka.server.ClientQuotaManager$ThrottledRequestReaper)
[2016-08-14 14:07:21,850] INFO [ThrottledRequestReaper-Produce], Stopped  (kafka.server.ClientQuotaManager$ThrottledRequestReaper)
[2016-08-14 14:07:21,850] INFO [ThrottledRequestReaper-Produce], Shutdown completed (kafka.server.ClientQuotaManager$ThrottledRequestReaper)
[2016-08-14 14:07:21,850] INFO [ThrottledRequestReaper-Fetch], Shutting down (kafka.server.ClientQuotaManager$ThrottledRequestReaper)
[2016-08-14 14:07:22,850] INFO [ThrottledRequestReaper-Fetch], Stopped  (kafka.server.ClientQuotaManager$ThrottledRequestReaper)
[2016-08-14 14:07:22,850] INFO [ThrottledRequestReaper-Fetch], Shutdown completed (kafka.server.ClientQuotaManager$ThrottledRequestReaper)
[2016-08-14 14:07:22,853] INFO [KafkaApi-1] Shutdown complete. (kafka.server.KafkaApis)
[2016-08-14 14:07:22,855] INFO [Replica Manager on Broker 1]: Shutting down (kafka.server.ReplicaManager)
[2016-08-14 14:07:22,855] INFO [ReplicaFetcherManager on broker 1] shutting down (kafka.server.ReplicaFetcherManager)
[2016-08-14 14:07:22,857] INFO [ReplicaFetcherManager on broker 1] shutdown completed (kafka.server.ReplicaFetcherManager)
[2016-08-14 14:07:22,857] INFO [ExpirationReaper-1], Shutting down (kafka.server.DelayedOperationPurgatory$ExpiredOperationReaper)
[2016-08-14 14:07:23,002] INFO [ExpirationReaper-1], Stopped  (kafka.server.DelayedOperationPurgatory$ExpiredOperationReaper)
[2016-08-14 14:07:23,002] INFO [ExpirationReaper-1], Shutdown completed (kafka.server.DelayedOperationPurgatory$ExpiredOperationReaper)
[2016-08-14 14:07:23,002] INFO [ExpirationReaper-1], Shutting down (kafka.server.DelayedOperationPurgatory$ExpiredOperationReaper)
[2016-08-14 14:07:23,206] INFO [ExpirationReaper-1], Stopped  (kafka.server.DelayedOperationPurgatory$ExpiredOperationReaper)
[2016-08-14 14:07:23,206] INFO [ExpirationReaper-1], Shutdown completed (kafka.server.DelayedOperationPurgatory$ExpiredOperationReaper)
[2016-08-14 14:07:23,212] INFO [Replica Manager on Broker 1]: Shut down completely (kafka.server.ReplicaManager)
[2016-08-14 14:07:23,213] INFO Shutting down. (kafka.log.LogManager)
[2016-08-14 14:07:23,222] INFO Shutdown complete. (kafka.log.LogManager)
[2016-08-14 14:07:23,222] INFO [GroupCoordinator 1]: Shutting down. (kafka.coordinator.GroupCoordinator)
[2016-08-14 14:07:23,222] INFO [ExpirationReaper-1], Shutting down (kafka.server.DelayedOperationPurgatory$ExpiredOperationReaper)
[2016-08-14 14:07:23,270] INFO [ExpirationReaper-1], Stopped  (kafka.server.DelayedOperationPurgatory$ExpiredOperationReaper)
[2016-08-14 14:07:23,270] INFO [ExpirationReaper-1], Shutdown completed (kafka.server.DelayedOperationPurgatory$ExpiredOperationReaper)
[2016-08-14 14:07:23,270] INFO [ExpirationReaper-1], Shutting down (kafka.server.DelayedOperationPurgatory$ExpiredOperationReaper)
[2016-08-14 14:07:23,474] INFO [ExpirationReaper-1], Stopped  (kafka.server.DelayedOperationPurgatory$ExpiredOperationReaper)
[2016-08-14 14:07:23,474] INFO [ExpirationReaper-1], Shutdown completed (kafka.server.DelayedOperationPurgatory$ExpiredOperationReaper)
[2016-08-14 14:07:23,474] INFO [GroupCoordinator 1]: Shutdown complete. (kafka.coordinator.GroupCoordinator)
[2016-08-14 14:07:23,485] INFO [Kafka Server 1], shut down completed (kafka.server.KafkaServer)
